{"data":{"backupType":"files","cmdPreview":"tar czf '/tmp/jarvis-backup-1782332588908.tar.gz' -C '/home/ubuntu/aiostream' . 2>&1","isFiles":true,"remotePath":"/tmp/jarvis-backup-1782332588908.tar.gz","useSudo":true},"hypothesisId":"H2-H4","location":"BackupManager.svelte:runBackup:start","message":"download backup started","sessionId":"07e7a9","timestamp":1782332588910}
{"data":{"consoleTail":"\n✓ Done.\n","ok":true,"remotePath":"/tmp/jarvis-backup-1782332588908.tar.gz"},"hypothesisId":"H2-H4","location":"BackupManager.svelte:runBackup:afterStream","message":"backup stream finished","sessionId":"07e7a9","timestamp":1782332590810}
{"data":{"isNaN":false,"remotePath":"/tmp/jarvis-backup-1782332588908.tar.gz","remoteSize":14792961},"hypothesisId":"H2-H4","location":"BackupManager.svelte:runBackup:beforeDownload","message":"remote file size before SFTP","sessionId":"07e7a9","timestamp":1782332590888}
{"data":{"bytesDone":0,"error":null,"jobId":"job-0","remotePath":"/tmp/jarvis-backup-1782332588908.tar.gz","status":"queued","totalBytes":14792961},"hypothesisId":"H1","location":"BackupManager.svelte:runBackup:sftpEvent","message":"transfer event","sessionId":"07e7a9","timestamp":1782332591320}
{"data":{"bytesDone":0,"error":null,"jobId":"job-0","remotePath":"/tmp/jarvis-backup-1782332588908.tar.gz","status":"running","totalBytes":14792961},"hypothesisId":"H1","location":"BackupManager.svelte:runBackup:sftpEvent","message":"transfer event","sessionId":"07e7a9","timestamp":1782332591321}
{"data":{"count":1,"remotePath":"/tmp/jarvis-backup-1782332588908.tar.gz"},"hypothesisId":"H1","location":"BackupManager.svelte:runBackup:afterDownloadStart","message":"SFTP batch started (no immediate rm)","sessionId":"07e7a9","timestamp":1782332591321}
{"data":{"bytesDone":783360,"error":null,"jobId":"job-0","remotePath":"/tmp/jarvis-backup-1782332588908.tar.gz","status":"running","totalBytes":14792961},"hypothesisId":"H1","location":"BackupManager.svelte:runBackup:sftpEvent","message":"transfer event","sessionId":"07e7a9","timestamp":1782332591751}
{"data":{"bytesDone":1566720,"error":null,"jobId":"job-0","remotePath":"/tmp/jarvis-backup-1782332588908.tar.gz","status":"running","totalBytes":14792961},"hypothesisId":"H1","location":"BackupManager.svelte:runBackup:sftpEvent","message":"transfer event","sessionId":"07e7a9","timestamp":1782332591977}
{"data":{"bytesDone":2611200,"error":null,"jobId":"job-0","remotePath":"/tmp/jarvis-backup-1782332588908.tar.gz","status":"running","totalBytes":14792961},"hypothesisId":"H1","location":"BackupManager.svelte:runBackup:sftpEvent","message":"transfer event","sessionId":"07e7a9","timestamp":1782332592263}
{"data":{"bytesDone":3655680,"error":null,"jobId":"job-0","remotePath":"/tmp/jarvis-backup-1782332588908.tar.gz","status":"running","totalBytes":14792961},"hypothesisId":"H1","location":"BackupManager.svelte:runBackup:sftpEvent","message":"transfer event","sessionId":"07e7a9","timestamp":1782332592550}
{"data":{"bytesDone":4700160,"error":null,"jobId":"job-0","remotePath":"/tmp/jarvis-backup-1782332588908.tar.gz","status":"running","totalBytes":14792961},"hypothesisId":"H1","location":"BackupManager.svelte:runBackup:sftpEvent","message":"transfer event","sessionId":"07e7a9","timestamp":1782332592843}
{"data":{"bytesDone":5744640,"error":null,"jobId":"job-0","remotePath":"/tmp/jarvis-backup-1782332588908.tar.gz","status":"running","totalBytes":14792961},"hypothesisId":"H1","location":"BackupManager.svelte:runBackup:sftpEvent","message":"transfer event","sessionId":"07e7a9","timestamp":1782332593139}
{"data":{"bytesDone":6789120,"error":null,"jobId":"job-0","remotePath":"/tmp/jarvis-backup-1782332588908.tar.gz","status":"running","totalBytes":14792961},"hypothesisId":"H1","location":"BackupManager.svelte:runBackup:sftpEvent","message":"transfer event","sessionId":"07e7a9","timestamp":1782332593447}
{"data":{"bytesDone":7833600,"error":null,"jobId":"job-0","remotePath":"/tmp/jarvis-backup-1782332588908.tar.gz","status":"running","totalBytes":14792961},"hypothesisId":"H1","location":"BackupManager.svelte:runBackup:sftpEvent","message":"transfer event","sessionId":"07e7a9","timestamp":1782332593757}
{"data":{"bytesDone":8878080,"error":null,"jobId":"job-0","remotePath":"/tmp/jarvis-backup-1782332588908.tar.gz","status":"running","totalBytes":14792961},"hypothesisId":"H1","location":"BackupManager.svelte:runBackup:sftpEvent","message":"transfer event","sessionId":"07e7a9","timestamp":1782332594068}
{"data":{"bytesDone":9922560,"error":null,"jobId":"job-0","remotePath":"/tmp/jarvis-backup-1782332588908.tar.gz","status":"running","totalBytes":14792961},"hypothesisId":"H1","location":"BackupManager.svelte:runBackup:sftpEvent","message":"transfer event","sessionId":"07e7a9","timestamp":1782332594327}
{"data":{"bytesDone":10705920,"error":null,"jobId":"job-0","remotePath":"/tmp/jarvis-backup-1782332588908.tar.gz","status":"running","totalBytes":14792961},"hypothesisId":"H1","location":"BackupManager.svelte:runBackup:sftpEvent","message":"transfer event","sessionId":"07e7a9","timestamp":1782332594542}
{"data":{"bytesDone":11489280,"error":null,"jobId":"job-0","remotePath":"/tmp/jarvis-backup-1782332588908.tar.gz","status":"running","totalBytes":14792961},"hypothesisId":"H1","location":"BackupManager.svelte:runBackup:sftpEvent","message":"transfer event","sessionId":"07e7a9","timestamp":1782332594834}
{"data":{"bytesDone":12272640,"error":null,"jobId":"job-0","remotePath":"/tmp/jarvis-backup-1782332588908.tar.gz","status":"running","totalBytes":14792961},"hypothesisId":"H1","location":"BackupManager.svelte:runBackup:sftpEvent","message":"transfer event","sessionId":"07e7a9","timestamp":1782332595061}
{"data":{"bytesDone":13317120,"error":null,"jobId":"job-0","remotePath":"/tmp/jarvis-backup-1782332588908.tar.gz","status":"running","totalBytes":14792961},"hypothesisId":"H1","location":"BackupManager.svelte:runBackup:sftpEvent","message":"transfer event","sessionId":"07e7a9","timestamp":1782332595359}
{"data":{"bytesDone":14361600,"error":null,"jobId":"job-0","remotePath":"/tmp/jarvis-backup-1782332588908.tar.gz","status":"running","totalBytes":14792961},"hypothesisId":"H1","location":"BackupManager.svelte:runBackup:sftpEvent","message":"transfer event","sessionId":"07e7a9","timestamp":1782332595657}
{"data":{"bytesDone":14792961,"error":null,"jobId":"job-0","remotePath":"/tmp/jarvis-backup-1782332588908.tar.gz","status":"running","totalBytes":14792961},"hypothesisId":"H1","location":"BackupManager.svelte:runBackup:sftpEvent","message":"transfer event","sessionId":"07e7a9","timestamp":1782332595798}
{"data":{"bytesDone":14792961,"error":null,"jobId":"job-0","remotePath":"/tmp/jarvis-backup-1782332588908.tar.gz","status":"completed","totalBytes":14792961},"hypothesisId":"H1","location":"BackupManager.svelte:runBackup:sftpEvent","message":"transfer event","sessionId":"07e7a9","timestamp":1782332595799}
{"data":{"bytesDone":0,"error":null,"jobId":"batch-complete","remotePath":"","status":"completed","totalBytes":0},"hypothesisId":"H1","location":"BackupManager.svelte:runBackup:sftpEvent","message":"transfer event","sessionId":"07e7a9","timestamp":1782332595799}
{"data":{"remotePath":"/tmp/jarvis-backup-1782332588908.tar.gz"},"hypothesisId":"H1","location":"BackupManager.svelte:runBackup:cleanup","message":"removing remote temp file after SFTP","sessionId":"07e7a9","timestamp":1782332595799}
